{
  "level": "info",
  "logId": "3e41156374b709d07bde93da199352b5",
  "timestamp": "Feb-02-2025 22:41:1212",
  "appInfo": {
    "environment": "DEVELOPEMENT"
  },
  "message": "MongoDB client connected",
  "data": {}
}
{
  "level": "info",
  "logId": "eef91ab4414eba4eebf2373b21601f02",
  "timestamp": "Feb-02-2025 22:41:1212",
  "appInfo": {
    "environment": "DEVELOPEMENT"
  },
  "message": "Redis client connected",
  "data": {}
}
{
  "level": "info",
  "logId": "722fb9001e697a079767920d9a8a9fff",
  "timestamp": "Feb-02-2025 22:41:1212",
  "appInfo": {
    "environment": "DEVELOPEMENT"
  },
  "message": "Backend is up and running on port 5001",
  "data": {}
}
